2018-12-11 10:27:04 DEBUG default 20181210182931_列表.sketch 平台模块 [edit.js-getPageById]获取当前artboard骨架请求

2018-12-11 10:27:04 DEBUG default 20181210182931_列表.sketch 平台模块 [edit.js-getHtmlCss]获取到的artBoard index:1_1

2018-12-11 10:28:17 DEBUG default 20181210182931_列表.sketch 平台模块 [edit.js-getPageById]获取当前artboard骨架请求

2018-12-11 10:28:17 DEBUG default 20181210182931_列表.sketch 平台模块 [edit.js-getHtmlCss]获取到的artBoard index:1_1

2018-12-11 10:29:34 DEBUG default 20181210182931_列表.sketch 平台模块 [edit.js-getPageById]获取当前artboard骨架请求

2018-12-11 10:29:34 DEBUG default 20181210182931_列表.sketch 平台模块 [edit.js-getHtmlCss]获取到的artBoard index:1_1

2018-12-11 10:33:24 DEBUG default 20181210182931_列表.sketch 平台模块 [edit.js-getPageById]获取当前artboard骨架请求

2018-12-11 10:33:24 DEBUG default 20181210182931_列表.sketch 平台模块 [edit.js-getHtmlCss]获取到的artBoard index:1_1

2018-12-11 10:33:25 DEBUG default 20181210182931_列表.sketch 平台模块 [edit.js-getPageById]获取当前artboard骨架请求

2018-12-11 10:33:25 DEBUG default 20181210182931_列表.sketch 平台模块 [edit.js-getHtmlCss]获取到的artBoard index:1_1

2018-12-11 10:34:22 DEBUG default 20181210182931_列表.sketch 平台模块 [edit.js-getPageById]获取当前artboard骨架请求

2018-12-11 10:34:22 DEBUG default 20181210182931_列表.sketch 平台模块 [edit.js-getHtmlCss]获取到的artBoard index:1_1

2018-12-11 10:35:09 DEBUG default 20181210182931_列表.sketch 平台模块 [edit.js-getPageById]获取当前artboard骨架请求

2018-12-11 10:35:09 DEBUG default 20181210182931_列表.sketch 平台模块 [edit.js-getHtmlCss]获取到的artBoard index:1_1

2018-12-11 10:35:59 DEBUG default 20181210182931_列表.sketch 平台模块 [edit.js-getPageById]获取当前artboard骨架请求

2018-12-11 10:35:59 DEBUG default 20181210182931_列表.sketch 平台模块 [edit.js-getHtmlCss]获取到的artBoard index:1_1

2018-12-11 10:36:00 DEBUG default 20181210182931_列表.sketch 平台模块 [edit.js-getPageById]获取当前artboard骨架请求

2018-12-11 10:36:00 DEBUG default 20181210182931_列表.sketch 平台模块 [edit.js-getHtmlCss]获取到的artBoard index:1_1

2018-12-11 10:38:30 DEBUG default 20181210182931_列表.sketch 平台模块 [edit.js-getPageById]获取当前artboard骨架请求

2018-12-11 10:38:30 DEBUG default 20181210182931_列表.sketch 平台模块 [edit.js-getHtmlCss]获取到的artBoard index:1_1

2018-12-11 10:38:57 DEBUG default 20181210182931_列表.sketch 平台模块 [edit.js-getPageById]获取当前artboard骨架请求

2018-12-11 10:38:57 DEBUG default 20181210182931_列表.sketch 平台模块 [edit.js-getHtmlCss]获取到的artBoard index:1_1

2018-12-11 10:39:19 DEBUG default 20181210182931_列表.sketch 平台模块 [edit.js-getPageById]获取当前artboard骨架请求

2018-12-11 10:39:19 DEBUG default 20181210182931_列表.sketch 平台模块 [edit.js-getHtmlCss]获取到的artBoard index:1_1

2018-12-11 10:45:47 DEBUG default 20181210182931_列表.sketch 平台模块 [edit.js-getPageById]获取当前artboard骨架请求

2018-12-11 10:45:47 DEBUG default 20181210182931_列表.sketch 平台模块 [edit.js-getHtmlCss]获取到的artBoard index:1_1

2018-12-11 10:48:52 DEBUG default 20181210182931_列表.sketch 平台模块 [edit.js-getPageById]获取当前artboard骨架请求

2018-12-11 10:48:52 DEBUG default 20181210182931_列表.sketch 平台模块 [edit.js-getHtmlCss]获取到的artBoard index:1_1

2018-12-11 10:48:54 DEBUG default 20181210182931_列表.sketch 平台模块 [edit.js-getArtBoardImg]获取当前artboard预览图片请求

2018-12-11 10:48:55 DEBUG default 20181210182931_列表.sketch 平台模块 [edit.js-getArtBoardImg]获取当前artboard预览图片请求

2018-12-11 10:48:57 DEBUG default 20181210182931_列表.sketch 平台模块 [edit.js-getArtBoardImg]获取当前artboard预览图片请求

2018-12-11 10:48:57 DEBUG default 20181210182931_列表.sketch 平台模块 [edit.js-getArtBoardImg]获取当前artboard预览图片请求

2018-12-11 10:48:59 DEBUG default 20181210182931_列表.sketch 平台模块 [edit.js-getArtBoardImg]获取当前artboard预览图片请求

2018-12-11 10:49:07 DEBUG default 20181210182931_列表.sketch 平台模块 [edit.js-getPageById]获取当前artboard骨架请求

2018-12-11 10:49:07 DEBUG default 20181210182931_列表.sketch 平台模块 [edit.js-getHtmlCss]获取到的artBoard index:1_1

2018-12-11 10:49:15 DEBUG default 20181210182931_列表.sketch 平台模块 [edit.js-getArtBoardImg]获取当前artboard预览图片请求

2018-12-11 10:49:28 DEBUG default 20181210182931_列表.sketch 平台模块 [edit.js-getArtBoardImg]获取当前artboard预览图片请求

2018-12-11 10:49:35 DEBUG default 20181210182931_列表.sketch 平台模块 [edit.js-getArtBoardImg]获取当前artboard预览图片请求

2018-12-11 10:51:08 DEBUG default 20181210182931_列表.sketch 平台模块 [edit.js-getPageById]获取当前artboard骨架请求

2018-12-11 10:51:08 DEBUG default 20181210182931_列表.sketch 平台模块 [edit.js-getHtmlCss]获取到的artBoard index:1_1

2018-12-11 10:51:29 DEBUG default 20181210182931_列表.sketch 平台模块 [edit.js-getPageById]获取当前artboard骨架请求

2018-12-11 10:51:29 DEBUG default 20181210182931_列表.sketch 平台模块 [edit.js-getHtmlCss]获取到的artBoard index:1_1

2018-12-11 10:51:33 DEBUG default 20181210182931_列表.sketch 平台模块 [edit.js-getArtBoardImg]获取当前artboard预览图片请求

2018-12-11 10:51:38 DEBUG default 20181210182931_列表.sketch 平台模块 [edit.js-getArtBoardImg]获取当前artboard预览图片请求

2018-12-11 10:51:40 DEBUG default 20181210182931_列表.sketch 平台模块 [edit.js-getArtBoardImg]获取当前artboard预览图片请求

2018-12-11 10:51:42 DEBUG default 20181210182931_列表.sketch 平台模块 [edit.js-getArtBoardImg]获取当前artboard预览图片请求

2018-12-11 10:51:43 DEBUG default 20181210182931_列表.sketch 平台模块 [edit.js-getArtBoardImg]获取当前artboard预览图片请求

2018-12-11 10:51:49 DEBUG default 20181210182931_列表.sketch 平台模块 [edit.js-getArtBoardImg]获取当前artboard预览图片请求

2018-12-11 10:51:51 DEBUG default 20181210182931_列表.sketch 平台模块 [edit.js-getArtBoardImg]获取当前artboard预览图片请求

2018-12-11 10:51:52 DEBUG default 20181210182931_列表.sketch 平台模块 [edit.js-getArtBoardImg]获取当前artboard预览图片请求

2018-12-11 10:52:48 DEBUG default 20181210182931_列表.sketch 平台模块 [edit.js-getPageById]获取当前artboard骨架请求

2018-12-11 10:52:48 DEBUG default 20181210182931_列表.sketch 平台模块 [edit.js-getHtmlCss]获取到的artBoard index:1_1

2018-12-11 10:52:49 DEBUG default 20181210182931_列表.sketch 平台模块 [edit.js-getArtBoardImg]获取当前artboard预览图片请求

2018-12-11 11:15:42 DEBUG default 20181210182931_列表.sketch 平台模块 [edit.js-getPageById]获取当前artboard骨架请求

2018-12-11 11:15:42 DEBUG default 20181210182931_列表.sketch 平台模块 [edit.js-getHtmlCss]获取到的artBoard index:1_1

2018-12-11 15:17:11 DEBUG default 20181211151654_0list.sketch 平台模块 [edit.js-getPageById]获取当前artboard骨架请求

2018-12-11 15:17:11 DEBUG default 20181211151654_0list.sketch 平台模块 [edit.js-getHtmlCss]获取到的artBoard index:1_1

2018-12-11 15:17:11 DEBUG default  图片合成模块 [pipe - cleanse] start

2018-12-11 15:17:11 DEBUG default  图片合成模块 [pipe - cleanse] serialize

2018-12-11 15:17:11 DEBUG default  图片合成模块 [pipe - cleanse] sortBySize

2018-12-11 15:17:11 DEBUG default  图片合成模块 [pipe - cleanse] filterUselessGroup

2018-12-11 15:17:11 DEBUG default  图片合成模块 [pipe - cleanse] cleanLineHeight

2018-12-11 15:17:11 DEBUG default  图片合成模块 [pipe - cleanse] mergeBySize

2018-12-11 15:17:11 DEBUG default  图片合成模块 [pipe - cleanse] markerSegmenting

2018-12-11 15:17:11 DEBUG default  图片合成模块 [pipe - cleanse] relayer

2018-12-11 15:17:11 DEBUG default  图片合成模块 [pipe - cleanse] end

2018-12-11 15:17:11 DEBUG default  图片合成模块 [pipe - layout] start

2018-12-11 15:17:11 DEBUG default  图片合成模块 [pipe - layout] block 664F0E6A-E2A5-48A2-A3B4-4B14201D785E

2018-12-11 15:17:11 DEBUG default  图片合成模块 [pipe - layout] column 664F0E6A-E2A5-48A2-A3B4-4B14201D785E

2018-12-11 15:17:11 DEBUG default  图片合成模块 [pipe - layout] row 664F0E6A-E2A5-48A2-A3B4-4B14201D785E

2018-12-11 15:17:11 DEBUG default  图片合成模块 [pipe - model] IMAGE	 fit Dom: "DF2AA5B0-6841-4A63-9FF7-A6FAA65A04C1" 

2018-12-11 15:17:11 DEBUG default  图片合成模块 [pipe - model] TEXT	 fit Dom: "60BE03E8-B704-4BD7-AC11-B10923699153" 

2018-12-11 15:17:11 DEBUG default  图片合成模块 [pipe - model] IMAGE	 fit Dom: "90956F65-E45F-48E7-A3C2-A63571AA013F" 

2018-12-11 15:17:11 DEBUG default  图片合成模块 [pipe - model] TEXT	 fit Dom: "F750D079-2F1E-465C-A6AD-D94559DF9C88" 

2018-12-11 15:17:11 DEBUG default  图片合成模块 [pipe - model] TEXT	 fit Dom: "CA78E220-D14F-4E4F-BD23-2DEC3BBEADFE" 

2018-12-11 15:17:11 DEBUG default  图片合成模块 [pipe - model] IMAGE	 fit Dom: "32204007-DFD0-478C-90F2-9DA8D0320303" 

2018-12-11 15:17:11 DEBUG default  图片合成模块 [pipe - model] LAYOUT-FLEX	 fit Dom: "20" 

2018-12-11 15:17:11 DEBUG default  图片合成模块 [pipe - model] IMAGE	 fit Dom: "2151AFF9-41FF-4B4A-803C-11CB15F425EF" 

2018-12-11 15:17:11 DEBUG default  图片合成模块 [pipe - model] TEXT	 fit Dom: "9C2C197F-A64A-42EB-8417-5E79753A17E9" 

2018-12-11 15:17:11 DEBUG default  图片合成模块 [pipe - model] TEXT	 fit Dom: "208FA654-F265-4B5E-8981-09A8FECBED90" 

2018-12-11 15:17:11 DEBUG default  图片合成模块 [pipe - model] TEXT	 fit Dom: "BBFFEEF3-EED0-48D0-A409-ACF5951A9DA7" 

2018-12-11 15:17:11 DEBUG default  图片合成模块 [pipe - model] LAYOUT-FLEX	 fit Dom: "19" 

2018-12-11 15:17:11 DEBUG default  图片合成模块 [pipe - model] BLOCK	 fit Dom: "C1368727-3B0D-4BC5-A8FA-D39BC8A2D048" 

2018-12-11 15:17:11 DEBUG default  图片合成模块 [pipe - model] TEXT	 fit Dom: "2A16FDAE-666A-4A6F-ABBF-D06E5747E090" 

2018-12-11 15:17:11 DEBUG default  图片合成模块 [pipe - model] BLOCK	 fit Dom: "1" 

2018-12-11 15:17:11 DEBUG default  图片合成模块 [pipe - model] TEXT	 fit Dom: "11F1A381-992E-475F-ABA2-7BC1FF08FEEF" 

2018-12-11 15:17:11 DEBUG default  图片合成模块 [pipe - model] TEXT	 fit Dom: "BCE42407-574A-46C0-96F4-4C555F064DA6" 

2018-12-11 15:17:11 DEBUG default  图片合成模块 [pipe - model] NUMERICAL	 fit Dom: "2" 

2018-12-11 15:17:11 DEBUG default  图片合成模块 [pipe - model] TEXT	 fit Dom: "EF6CE665-5D69-4F9D-B867-0A0C3487F9B4" 

2018-12-11 15:17:11 DEBUG default  图片合成模块 [pipe - model] TEXT	 fit Dom: "4F60EF62-2417-46C3-BD70-CE5C6B174859" 

2018-12-11 15:17:11 DEBUG default  图片合成模块 [pipe - model] TEXT	 fit Dom: "E6DED4D4-D3AE-4879-A00A-1699D05F8070" 

2018-12-11 15:17:11 DEBUG default  图片合成模块 [pipe - model] LAYOUT-EQUALITY	 fit Dom: "10" 

2018-12-11 15:17:11 DEBUG default  图片合成模块 [pipe - model] TEXT	 fit Dom: "619D6057-1291-4481-9703-F2EA0F2BACDD" 

2018-12-11 15:17:11 DEBUG default  图片合成模块 [pipe - model] TEXT	 fit Dom: "D9406504-42BA-44BB-9AC1-BAA3C0DB675E" 

2018-12-11 15:17:11 DEBUG default  图片合成模块 [pipe - model] TEXT	 fit Dom: "84B44913-F51E-4299-84E7-A6FA7DF86D90" 

2018-12-11 15:17:11 DEBUG default  图片合成模块 [pipe - model] TEXT	 fit Dom: "4E73FEB1-4F35-4607-BF2F-172B7FEBC53E" 

2018-12-11 15:17:11 DEBUG default  图片合成模块 [pipe - model] LAYOUT-FLEX	 fit Dom: "4" 

2018-12-11 15:17:11 DEBUG default  图片合成模块 [pipe - model] IMAGE	 fit Dom: "70FC12F1-1AC7-4A0E-9E5E-EBBA26988209" 

2018-12-11 15:17:11 DEBUG default  图片合成模块 [pipe - model] LAYOUT-INLINE	 fit Dom: "0" 

2018-12-11 15:17:11 DEBUG default  图片合成模块 [pipe - model] TEXT	 fit Dom: "E71FE7A8-2B11-4E8A-BCFD-49E6EEB5D365" 

2018-12-11 15:17:11 DEBUG default  图片合成模块 [pipe - model] TEXT	 fit Dom: "269538AE-7949-407C-8FE7-F430B353DC8D" 

2018-12-11 15:17:11 DEBUG default  图片合成模块 [pipe - model] LAYOUT-EQUALITY	 fit Dom: "17" 

2018-12-11 15:17:11 DEBUG default  图片合成模块 [pipe - model] SEGMENTING	 fit Dom: "16" 

2018-12-11 15:17:11 DEBUG default  图片合成模块 [pipe - model] TEXT	 fit Dom: "4C4C571A-8A1D-4F1C-8BD2-058DA1CBF1F4" 

2018-12-11 15:17:11 DEBUG default  图片合成模块 [pipe - model] IMAGE	 fit Dom: "FE97363F-ABB8-49F9-9AAF-2BB1BD2A68E1" 

2018-12-11 15:17:11 DEBUG default  图片合成模块 [pipe - model] TEXT	 fit Dom: "73F6D1FD-53B0-43B5-86B4-EC447A6A5F55" 

2018-12-11 15:17:11 DEBUG default  图片合成模块 [pipe - model] TEXT	 fit Dom: "59C61158-E81B-4F32-8D81-FFF6F59A6735" 

2018-12-11 15:17:11 DEBUG default  图片合成模块 [pipe - model] LAYOUT-FLEX	 fit Dom: "7" 

2018-12-11 15:17:11 DEBUG default  图片合成模块 [pipe - model] SEGMENTING	 fit Dom: "13" 

2018-12-11 15:17:11 DEBUG default  图片合成模块 [pipe - model] IMAGE	 fit Dom: "2BF2F233-9907-41D2-B183-1A2C96BC27E5" 

2018-12-11 15:17:11 DEBUG default  图片合成模块 [pipe - model] IMAGE	 fit Dom: "E860B251-4C56-4769-A723-A167EA84AA32" 

2018-12-11 15:17:11 DEBUG default  图片合成模块 [pipe - model] TEXT	 fit Dom: "27B643D1-F0DA-4C59-A95C-D5FF2150C82F" 

2018-12-11 15:17:11 DEBUG default  图片合成模块 [pipe - model] IMAGE	 fit Dom: "669D3C1D-D634-40C9-A09D-EEC2B3EE7948" 

2018-12-11 15:17:11 DEBUG default  图片合成模块 [pipe - model] TEXT	 fit Dom: "337E515C-8591-400C-A6F0-BBE52639C6FC" 

2018-12-11 15:17:11 DEBUG default  图片合成模块 [pipe - model] LAYOUT-FLEX	 fit Dom: "6" 

2018-12-11 15:17:11 DEBUG default  图片合成模块 [pipe - model] SEGMENTING	 fit Dom: "18" 

2018-12-11 15:17:11 DEBUG default  图片合成模块 [pipe - model] IMAGE	 fit Dom: "778133A4-4CA7-410B-A19B-B504AF603BD1" 

2018-12-11 15:17:11 DEBUG default  图片合成模块 [pipe - model] IMAGE	 fit Dom: "8AFEDF47-6436-4AF9-9D15-23B4739DF0A8" 

2018-12-11 15:17:11 DEBUG default  图片合成模块 [pipe - model] TEXT	 fit Dom: "D4497C13-5723-40CD-977E-AFA1A2F2FAAA" 

2018-12-11 15:17:11 DEBUG default  图片合成模块 [pipe - model] IMAGE	 fit Dom: "97630942-81A6-4472-93D6-636AAF7FC387" 

2018-12-11 15:17:11 DEBUG default  图片合成模块 [pipe - model] TEXT	 fit Dom: "AE2C94F3-435B-492D-9011-74D5141783E8" 

2018-12-11 15:17:11 DEBUG default  图片合成模块 [pipe - model] LAYOUT-FLEX	 fit Dom: "3" 

2018-12-11 15:17:11 DEBUG default  图片合成模块 [pipe - model] SEGMENTING	 fit Dom: "12" 

2018-12-11 15:17:11 DEBUG default  图片合成模块 [pipe - model] IMAGE	 fit Dom: "06FB4FB2-39CB-41E1-949D-EF5FF9E8B9DB" 

2018-12-11 15:17:11 DEBUG default  图片合成模块 [pipe - model] IMAGE	 fit Dom: "01D0AC31-2680-492E-9352-C8E9A717AA96" 

2018-12-11 15:17:11 DEBUG default  图片合成模块 [pipe - model] TEXT	 fit Dom: "F47D507D-CFDA-4E35-83DD-679D855D4F6B" 

2018-12-11 15:17:11 DEBUG default  图片合成模块 [pipe - model] IMAGE	 fit Dom: "DFD60FB9-BF2A-4E0E-8112-60EE968EE857" 

2018-12-11 15:17:11 DEBUG default  图片合成模块 [pipe - model] TEXT	 fit Dom: "08717343-3A02-4C68-B68F-18795DE9F4A7" 

2018-12-11 15:17:11 DEBUG default  图片合成模块 [pipe - model] LAYOUT-FLEX	 fit Dom: "5" 

2018-12-11 15:17:11 DEBUG default  图片合成模块 [pipe - model] SEGMENTING	 fit Dom: "11" 

2018-12-11 15:17:11 DEBUG default  图片合成模块 [pipe - model] TEXT	 fit Dom: "CE9D269C-A4D3-41BB-89FE-6CE0AB476752" 

2018-12-11 15:17:11 DEBUG default  图片合成模块 [pipe - model] IMAGE	 fit Dom: "6DB83484-F35C-4B80-A9FC-FFC1ACA1ECD5" 

2018-12-11 15:17:11 DEBUG default  图片合成模块 [pipe - model] TEXT	 fit Dom: "998FF46B-846B-4270-B505-F599BB9082A7" 

2018-12-11 15:17:11 DEBUG default  图片合成模块 [pipe - model] IMAGE	 fit Dom: "78BC6F3C-84A0-40B5-828D-9AFEA23DC3E1" 

2018-12-11 15:17:11 DEBUG default  图片合成模块 [pipe - model] TEXT	 fit Dom: "82F0682E-466E-4411-9198-A2654317CD1C" 

2018-12-11 15:17:11 DEBUG default  图片合成模块 [pipe - model] LAYOUT-FLEX	 fit Dom: "9" 

2018-12-11 15:17:11 DEBUG default  图片合成模块 [pipe - model] SEGMENTING	 fit Dom: "15" 

2018-12-11 15:17:11 DEBUG default  图片合成模块 [pipe - model] TEXT	 fit Dom: "47EEDA94-511A-4EBB-8EB4-0091FE8DD68A" 

2018-12-11 15:17:11 DEBUG default  图片合成模块 [pipe - model] IMAGE	 fit Dom: "1668C5D7-2C83-4729-9551-A6F69DEF9C1B" 

2018-12-11 15:17:11 DEBUG default  图片合成模块 [pipe - model] TEXT	 fit Dom: "014E7D82-BDA6-48F9-A7C9-760D086ED13C" 

2018-12-11 15:17:11 DEBUG default  图片合成模块 [pipe - model] TEXT	 fit Dom: "4677EF72-AD58-40B7-88F6-5435905F4A8A" 

2018-12-11 15:17:11 DEBUG default  图片合成模块 [pipe - model] LAYOUT-FLEX	 fit Dom: "8" 

2018-12-11 15:17:11 DEBUG default  图片合成模块 [pipe - model] SEGMENTING	 fit Dom: "14" 

2018-12-11 15:17:11 DEBUG default  图片合成模块 [pipe - model] BODY	 fit Dom: "664F0E6A-E2A5-48A2-A3B4-4B14201D785E" 

2018-12-11 15:17:11 DEBUG default  图片合成模块 [pipe - cyclic analyze] start

2018-12-11 15:17:11 DEBUG default  图片合成模块 [pipe - contrain] start

2018-12-11 15:17:11 DEBUG default 20181211151654_0list.sketch 平台模块 [util.js-isFileExist]判断目录不存在

2018-12-11 15:17:11 DEBUG default 20181211151654_0list.sketch 平台模块 [util.js-writeToFile]检测文件是否存在标识:false

2018-12-11 15:17:11 DEBUG default 20181211151654_0list.sketch 平台模块 [util.js-writeToFile]创建目录成功

2018-12-11 15:17:11 DEBUG default 20181211151654_0list.sketch 平台模块 [util.js-writeToFile]写入文件成功

2018-12-11 15:17:11 DEBUG default 20181211151654_0list.sketch 平台模块 [edit.js-jsonToHtmlCss]导出html成功

2018-12-11 15:17:11 DEBUG default 20181211151654_0list.sketch 平台模块 [edit.js-getHtmlCss]结构骨架输出成功

2018-12-11 15:17:11 DEBUG default 20181211151654_0list.sketch 平台模块 [util.js-isFileExist]判断目录不存在

2018-12-11 15:17:11 DEBUG default 20181211151654_0list.sketch 平台模块 [util.js-writeToFile]检测文件是否存在标识:false

2018-12-11 15:17:11 DEBUG default 20181211151654_0list.sketch 平台模块 [util.js-writeToFile]创建目录成功

2018-12-11 15:17:11 DEBUG default 20181211151654_0list.sketch 平台模块 [util.js-writeToFile]写入文件成功

2018-12-11 15:17:11 DEBUG default 20181211151654_0list.sketch 平台模块 [edit.js-jsonToHtmlCss]导出css成功

2018-12-11 15:17:11 DEBUG default 20181211151654_0list.sketch 平台模块 [edit.js-getPageImgById]获取当前artboard图片素材请求

2018-12-11 15:17:11 DEBUG default 20181211151654_0list.sketch 平台模块 [edit.js-combineImages]开始生成图片

2018-12-11 15:17:12 DEBUG default 20181211151654_0list.sketch 平台模块 [edit.js-combineImages]生成目标图片，用时0.953秒

2018-12-11 15:17:12 DEBUG default 20181211151654_0list.sketch 平台模块 [edit.js-getPageImgById]图片输出成功,图片数组个数:19

2018-12-11 15:20:41 DEBUG default 20181211151654_0list.sketch 平台模块 [edit.js-getPageById]获取当前artboard骨架请求

2018-12-11 15:20:41 DEBUG default 20181211151654_0list.sketch 平台模块 [edit.js-getHtmlCss]获取到的artBoard index:1_1

2018-12-11 15:20:42 DEBUG default 20181211151654_0list.sketch 平台模块 [edit.js-getPageById]获取当前artboard骨架请求

2018-12-11 15:20:42 DEBUG default 20181211151654_0list.sketch 平台模块 [edit.js-getHtmlCss]获取到的artBoard index:1_1

2018-12-11 15:20:43 DEBUG default 20181211151654_0list.sketch 平台模块 [edit.js-getPageById]获取当前artboard骨架请求

2018-12-11 15:20:43 DEBUG default 20181211151654_0list.sketch 平台模块 [edit.js-getHtmlCss]获取到的artBoard index:1_1

2018-12-11 15:20:52 DEBUG default 20181211151654_0list.sketch 平台模块 [edit.js-getPageById]获取当前artboard骨架请求

2018-12-11 15:20:52 DEBUG default 20181211151654_0list.sketch 平台模块 [edit.js-getHtmlCss]获取到的artBoard index:1_1

2018-12-11 15:22:20 DEBUG default 20181211151654_0list.sketch 平台模块 [edit.js-getPageById]获取当前artboard骨架请求

2018-12-11 15:22:20 DEBUG default 20181211151654_0list.sketch 平台模块 [edit.js-getHtmlCss]获取到的artBoard index:1_1

2018-12-11 15:22:21 DEBUG default 20181211151654_0list.sketch 平台模块 [edit.js-getArtBoardImg]获取当前artboard预览图片请求

2018-12-11 15:22:23 DEBUG default 20181211151654_0list.sketch 平台模块 [edit.js-getArtBoardImg]获取当前artboard预览图片请求

2018-12-11 15:23:10 DEBUG default 20181211151654_0list.sketch 平台模块 [edit.js-getArtBoardImg]获取当前artboard预览图片请求

2018-12-11 15:23:29 DEBUG default 20181211151654_0list.sketch 平台模块 [edit.js-download]进入编译项目下载

2018-12-11 15:23:29 DEBUG default 20181211151654_0list.sketch 平台模块 [edit.js-download]生成编译文件夹拷贝完毕

2018-12-11 15:23:37 DEBUG default 20181211151654_0list.sketch 平台模块 [edit.js-download]进入编译项目下载

2018-12-11 15:23:37 DEBUG default 20181211151654_0list.sketch 平台模块 [edit.js-download]生成编译文件夹拷贝完毕

2018-12-11 15:32:42 DEBUG default 20181211151654_0list.sketch 平台模块 [edit.js-getPageById]获取当前artboard骨架请求

2018-12-11 15:32:42 DEBUG default 20181211151654_0list.sketch 平台模块 [edit.js-getHtmlCss]获取到的artBoard index:1_1

2018-12-11 15:32:44 DEBUG default 20181211151654_0list.sketch 平台模块 [edit.js-getArtBoardImg]获取当前artboard预览图片请求

2018-12-11 15:34:02 DEBUG default 20181211151654_0list.sketch 平台模块 [edit.js-getPageById]获取当前artboard骨架请求

2018-12-11 15:34:02 DEBUG default 20181211151654_0list.sketch 平台模块 [edit.js-getHtmlCss]获取到的artBoard index:1_1

2018-12-11 15:34:04 DEBUG default 20181211151654_0list.sketch 平台模块 [edit.js-getPageById]获取当前artboard骨架请求

2018-12-11 15:34:04 DEBUG default 20181211151654_0list.sketch 平台模块 [edit.js-getHtmlCss]获取到的artBoard index:1_1

2018-12-11 15:37:14 DEBUG default 20181211151654_0list.sketch 平台模块 [edit.js-getPageById]获取当前artboard骨架请求

2018-12-11 15:37:14 DEBUG default 20181211151654_0list.sketch 平台模块 [edit.js-getHtmlCss]获取到的artBoard index:1_1

2018-12-11 15:45:45 DEBUG default 20181211151654_0list.sketch 平台模块 [edit.js-getPageById]获取当前artboard骨架请求

2018-12-11 15:45:45 DEBUG default 20181211151654_0list.sketch 平台模块 [edit.js-getHtmlCss]获取到的artBoard index:1_1

2018-12-11 15:45:47 DEBUG default 20181211151654_0list.sketch 平台模块 [edit.js-getPageById]获取当前artboard骨架请求

2018-12-11 15:45:47 DEBUG default 20181211151654_0list.sketch 平台模块 [edit.js-getHtmlCss]获取到的artBoard index:1_1

2018-12-11 15:45:48 DEBUG default 20181211151654_0list.sketch 平台模块 [edit.js-getArtBoardImg]获取当前artboard预览图片请求

2018-12-11 15:56:52 DEBUG default 20181211151654_0list.sketch 平台模块 [edit.js-getPageById]获取当前artboard骨架请求

2018-12-11 15:56:52 DEBUG default 20181211151654_0list.sketch 平台模块 [edit.js-getHtmlCss]获取到的artBoard index:1_1

2018-12-11 15:56:53 DEBUG default 20181211151654_0list.sketch 平台模块 [edit.js-getPageById]获取当前artboard骨架请求

2018-12-11 15:56:53 DEBUG default 20181211151654_0list.sketch 平台模块 [edit.js-getHtmlCss]获取到的artBoard index:1_1

2018-12-11 15:56:58 DEBUG default 20181211151654_0list.sketch 平台模块 [edit.js-getPageById]获取当前artboard骨架请求

2018-12-11 15:56:58 DEBUG default 20181211151654_0list.sketch 平台模块 [edit.js-getHtmlCss]获取到的artBoard index:1_1

2018-12-11 15:57:00 DEBUG default 20181211151654_0list.sketch 平台模块 [edit.js-getPageById]获取当前artboard骨架请求

2018-12-11 15:57:00 DEBUG default 20181211151654_0list.sketch 平台模块 [edit.js-getHtmlCss]获取到的artBoard index:1_1

2018-12-11 15:57:01 DEBUG default 20181211151654_0list.sketch 平台模块 [edit.js-getPageById]获取当前artboard骨架请求

2018-12-11 15:57:01 DEBUG default 20181211151654_0list.sketch 平台模块 [edit.js-getHtmlCss]获取到的artBoard index:1_1

2018-12-11 15:57:02 DEBUG default 20181211151654_0list.sketch 平台模块 [edit.js-getPageById]获取当前artboard骨架请求

2018-12-11 15:57:02 DEBUG default 20181211151654_0list.sketch 平台模块 [edit.js-getHtmlCss]获取到的artBoard index:1_1

2018-12-11 15:57:02 DEBUG default 20181211151654_0list.sketch 平台模块 [edit.js-getPageById]获取当前artboard骨架请求

2018-12-11 15:57:02 DEBUG default 20181211151654_0list.sketch 平台模块 [edit.js-getHtmlCss]获取到的artBoard index:1_1

2018-12-11 15:57:26 DEBUG default 20181211151654_0list.sketch 平台模块 [edit.js-getPageById]获取当前artboard骨架请求

2018-12-11 15:57:26 DEBUG default 20181211151654_0list.sketch 平台模块 [edit.js-getHtmlCss]获取到的artBoard index:1_1

2018-12-11 15:57:27 DEBUG default 20181211151654_0list.sketch 平台模块 [edit.js-getPageById]获取当前artboard骨架请求

2018-12-11 15:57:27 DEBUG default 20181211151654_0list.sketch 平台模块 [edit.js-getHtmlCss]获取到的artBoard index:1_1

2018-12-11 16:09:13 DEBUG default 20181211151654_0list.sketch 平台模块 [edit.js-getPageById]获取当前artboard骨架请求

2018-12-11 16:09:13 DEBUG default 20181211151654_0list.sketch 平台模块 [edit.js-getHtmlCss]获取到的artBoard index:1_1

2018-12-11 16:09:47 DEBUG default 20181211151654_0list.sketch 平台模块 [edit.js-getPageById]获取当前artboard骨架请求

2018-12-11 16:09:47 DEBUG default 20181211151654_0list.sketch 平台模块 [edit.js-getHtmlCss]获取到的artBoard index:1_1

2018-12-11 16:11:53 DEBUG default 20181211151654_0list.sketch 平台模块 [edit.js-getPageById]获取当前artboard骨架请求

2018-12-11 16:11:53 DEBUG default 20181211151654_0list.sketch 平台模块 [edit.js-getHtmlCss]获取到的artBoard index:1_1

2018-12-11 16:12:05 DEBUG default 20181211151654_0list.sketch 平台模块 [edit.js-getPageById]获取当前artboard骨架请求

2018-12-11 16:12:05 DEBUG default 20181211151654_0list.sketch 平台模块 [edit.js-getHtmlCss]获取到的artBoard index:1_1

2018-12-11 16:38:33 DEBUG default 20181211163752_2单页.sketch 平台模块 [edit.js-getPageById]获取当前artboard骨架请求

2018-12-11 16:38:33 DEBUG default 20181211163752_2单页.sketch 平台模块 [edit.js-getHtmlCss]获取到的artBoard index:1_1

2018-12-11 16:38:35 DEBUG default 20181211163752_2单页.sketch 平台模块 [edit.js-getPageById]获取当前artboard骨架请求

2018-12-11 16:38:35 DEBUG default 20181211163752_2单页.sketch 平台模块 [edit.js-getHtmlCss]获取到的artBoard index:2_1

2018-12-11 16:38:36 DEBUG default  图片合成模块 [pipe - cleanse] start

2018-12-11 16:38:36 DEBUG default  图片合成模块 [pipe - cleanse] serialize

2018-12-11 16:38:36 DEBUG default  图片合成模块 [pipe - cleanse] sortBySize

2018-12-11 16:38:36 DEBUG default  图片合成模块 [pipe - cleanse] filterUselessGroup

2018-12-11 16:38:36 DEBUG default  图片合成模块 [pipe - cleanse] cleanLineHeight

2018-12-11 16:38:36 DEBUG default  图片合成模块 [pipe - cleanse] mergeBySize

2018-12-11 16:38:36 DEBUG default  图片合成模块 [pipe - cleanse] markerSegmenting

2018-12-11 16:38:36 DEBUG default  图片合成模块 [pipe - cleanse] relayer

2018-12-11 16:38:36 DEBUG default  图片合成模块 [pipe - cleanse] end

2018-12-11 16:38:36 DEBUG default  图片合成模块 [pipe - layout] start

2018-12-11 16:38:36 DEBUG default  图片合成模块 [pipe - layout] block 7EB9CDEF-B010-48C6-ABD9-79530E07939B

2018-12-11 16:38:36 DEBUG default  图片合成模块 [pipe - layout] column 7EB9CDEF-B010-48C6-ABD9-79530E07939B

2018-12-11 16:38:36 DEBUG default  图片合成模块 [pipe - layout] row 7EB9CDEF-B010-48C6-ABD9-79530E07939B

2018-12-11 16:38:36 DEBUG default  图片合成模块 [pipe - model] IMAGE	 fit Dom: "238F08EA-BEB8-48E8-B911-875150DFC5A1" 

2018-12-11 16:38:36 DEBUG default  图片合成模块 [pipe - model] TEXT	 fit Dom: "3148A693-3876-4BC7-B7F2-447C61A43A79" 

2018-12-11 16:38:36 DEBUG default  图片合成模块 [pipe - model] IMAGE	 fit Dom: "3A85FE31-E43C-4111-862C-E02CEFCF2622" 

2018-12-11 16:38:36 DEBUG default  图片合成模块 [pipe - model] TEXT	 fit Dom: "C1C67B51-3EFB-488E-8DD4-19C1873333B0" 

2018-12-11 16:38:36 DEBUG default  图片合成模块 [pipe - model] TEXT	 fit Dom: "873B0B6E-E5D1-4292-90BA-1A48EC2ECBC4" 

2018-12-11 16:38:36 DEBUG default  图片合成模块 [pipe - model] LAYOUT-TEXT	 fit Dom: "58" 

2018-12-11 16:38:36 DEBUG default  图片合成模块 [pipe - model] TEXT	 fit Dom: "226DDFBB-DE3A-4877-B450-7E318FDBCBCE" 

2018-12-11 16:38:36 DEBUG default  图片合成模块 [pipe - model] IMAGE	 fit Dom: "4935AE8C-DB0F-4A7A-BA8B-FDA341F1755D" 

2018-12-11 16:38:36 DEBUG default  图片合成模块 [pipe - model] LAYOUT-INLINE	 fit Dom: "83" 

2018-12-11 16:38:36 DEBUG default  图片合成模块 [pipe - model] IMAGE	 fit Dom: "54D1557C-A133-47A8-9D6A-2485C7DF2BAE" 

2018-12-11 16:38:36 DEBUG default  图片合成模块 [pipe - model] COLUMN	 fit Dom: "59" 

2018-12-11 16:38:36 DEBUG default  图片合成模块 [pipe - model] LAYOUT-FLEX	 fit Dom: "54" 

2018-12-11 16:38:36 DEBUG default  图片合成模块 [pipe - model] TEXT	 fit Dom: "CC6D9933-275C-4F53-BDA5-F193F53F2921" 

2018-12-11 16:38:36 DEBUG default  图片合成模块 [pipe - model] TEXT	 fit Dom: "FCFC1202-F4C5-4629-A842-1E28825AB283" 

2018-12-11 16:38:36 DEBUG default  图片合成模块 [pipe - model] IMAGE	 fit Dom: "50EDD49D-9790-43B0-8B37-C8B744F8266B" 

2018-12-11 16:38:36 DEBUG default  图片合成模块 [pipe - model] LAYOUT-INLINE	 fit Dom: "82" 

2018-12-11 16:38:36 DEBUG default  图片合成模块 [pipe - model] LAYOUT-TEXT	 fit Dom: "57" 

2018-12-11 16:38:36 DEBUG default  图片合成模块 [pipe - model] IMAGE	 fit Dom: "DF9A4F33-F4CD-4EFD-8902-4D94F022982E" 

2018-12-11 16:38:36 DEBUG default  图片合成模块 [pipe - model] LAYOUT-FLEX	 fit Dom: "53" 

2018-12-11 16:38:36 DEBUG default  图片合成模块 [pipe - model] COLUMN	 fit Dom: "C8590347-8F6B-4673-BB25-BFE424680E90" 

2018-12-11 16:38:36 DEBUG default  图片合成模块 [pipe - model] LAYOUT-INLINE	 fit Dom: "21" 

2018-12-11 16:38:36 DEBUG default  图片合成模块 [pipe - model] IMAGE	 fit Dom: "9E4FDA4C-608D-4BCC-8B4C-E388EF9FFEB9" 

2018-12-11 16:38:36 DEBUG default  图片合成模块 [pipe - model] TEXT	 fit Dom: "8F2B19FC-DB78-4099-AD48-9F10B230FF25" 

2018-12-11 16:38:36 DEBUG default  图片合成模块 [pipe - model] IMAGE	 fit Dom: "399123F9-45F6-48A5-B214-654222410C29" 

2018-12-11 16:38:36 DEBUG default  图片合成模块 [pipe - model] COLUMN	 fit Dom: "75" 

2018-12-11 16:38:36 DEBUG default  图片合成模块 [pipe - model] BLOCK	 fit Dom: "34" 

2018-12-11 16:38:36 DEBUG default  图片合成模块 [pipe - model] IMAGE	 fit Dom: "2FB9478E-28FD-4A7C-8E7A-A636A5542A70" 

2018-12-11 16:38:36 DEBUG default  图片合成模块 [pipe - model] TEXT	 fit Dom: "61C346ED-FF3B-43A9-BB13-B601E89E8B93" 

2018-12-11 16:38:36 DEBUG default  图片合成模块 [pipe - model] TEXT	 fit Dom: "29F68526-1129-40E5-B822-A053C4C5F006" 

2018-12-11 16:38:36 DEBUG default  图片合成模块 [pipe - model] IMAGE	 fit Dom: "BCF57B29-6B57-4153-81B9-B9C84E6CBBF0" 

2018-12-11 16:38:36 DEBUG default  图片合成模块 [pipe - model] TEXT	 fit Dom: "4BF3D7F2-EC73-482C-A2A6-FC1265200070" 

2018-12-11 16:38:36 DEBUG default  图片合成模块 [pipe - model] LAYOUT-INLINE	 fit Dom: "86" 

2018-12-11 16:38:36 DEBUG default  图片合成模块 [pipe - model] LAYOUT-TEXT	 fit Dom: "79" 

2018-12-11 16:38:36 DEBUG default  图片合成模块 [pipe - model] BLOCK	 fit Dom: "37" 

2018-12-11 16:38:36 DEBUG default  图片合成模块 [pipe - model] IMAGE	 fit Dom: "7A69E3EB-95F1-4B0B-BAD2-31C3E147DBFF" 

2018-12-11 16:38:36 DEBUG default  图片合成模块 [pipe - model] TEXT	 fit Dom: "F2195E16-F42A-46B6-8062-60BB136D7C8C" 

2018-12-11 16:38:36 DEBUG default  图片合成模块 [pipe - model] IMAGE-DESCRIPT-V	 fit Dom: "62" 

2018-12-11 16:38:36 DEBUG default  图片合成模块 [pipe - model] BLOCK	 fit Dom: "24" 

2018-12-11 16:38:36 DEBUG default  图片合成模块 [pipe - model] IMAGE	 fit Dom: "A3242C87-0AF5-40D4-965D-6CF68A1B73F5" 

2018-12-11 16:38:36 DEBUG default  图片合成模块 [pipe - model] IMAGE	 fit Dom: "0E12F644-F8B3-48FD-84AC-47A8C03A0500" 

2018-12-11 16:38:36 DEBUG default  图片合成模块 [pipe - model] IMAGE	 fit Dom: "_B044_B7E6" 

2018-12-11 16:38:36 DEBUG default  图片合成模块 [pipe - model] LAYOUT-IMAGE	 fit Dom: "44" 

2018-12-11 16:38:36 DEBUG default  图片合成模块 [pipe - model] SEGMENTING	 fit Dom: "50" 

2018-12-11 16:38:36 DEBUG default  图片合成模块 [pipe - model] TEXT	 fit Dom: "4CC75D07-A822-4F61-90D9-54EAB6425377" 

2018-12-11 16:38:36 DEBUG default  图片合成模块 [pipe - model] BLOCK	 fit Dom: "29" 

2018-12-11 16:38:36 DEBUG default  图片合成模块 [pipe - model] TEXT	 fit Dom: "A8AA9895-CFED-4C2F-A247-B82A4EF1F322" 

2018-12-11 16:38:36 DEBUG default  图片合成模块 [pipe - model] TEXT	 fit Dom: "4E3EBD22-CB36-4E30-8689-F375CFD5A6B1" 

2018-12-11 16:38:36 DEBUG default  图片合成模块 [pipe - model] TEXT	 fit Dom: "50421272-18CC-4618-8A87-CAC12B7CB099" 

2018-12-11 16:38:36 DEBUG default  图片合成模块 [pipe - model] LAYOUT-TEXT	 fit Dom: "73" 

2018-12-11 16:38:36 DEBUG default  图片合成模块 [pipe - model] BLOCK	 fit Dom: "32" 

2018-12-11 16:38:36 DEBUG default  图片合成模块 [pipe - model] IMAGE	 fit Dom: "969C99F1-B3F4-43CA-88F6-DC443B663EFE" 

2018-12-11 16:38:36 DEBUG default  图片合成模块 [pipe - model] TEXT	 fit Dom: "66C51A26-2A02-4D43-A20A-D9F985D38EAC" 

2018-12-11 16:38:36 DEBUG default  图片合成模块 [pipe - model] TEXT	 fit Dom: "A04AB751-7A60-48FD-8383-A24DF1EE4487" 

2018-12-11 16:38:36 DEBUG default  图片合成模块 [pipe - model] IMAGE	 fit Dom: "08BB7FB1-82CA-4375-8182-29766C116AD2" 

2018-12-11 16:38:36 DEBUG default  图片合成模块 [pipe - model] TEXT	 fit Dom: "DA4DC26A-F0C1-4DDC-A028-4F9DB70D3BDD" 

2018-12-11 16:38:36 DEBUG default  图片合成模块 [pipe - model] LAYOUT-INLINE	 fit Dom: "88" 

2018-12-11 16:38:36 DEBUG default  图片合成模块 [pipe - model] LAYOUT-TEXT	 fit Dom: "81" 

2018-12-11 16:38:36 DEBUG default  图片合成模块 [pipe - model] BLOCK	 fit Dom: "40" 

2018-12-11 16:38:36 DEBUG default  图片合成模块 [pipe - model] IMAGE	 fit Dom: "25611C28-3164-44B4-8FD4-73FB13F61013" 

2018-12-11 16:38:36 DEBUG default  图片合成模块 [pipe - model] TEXT	 fit Dom: "237991F7-145A-4D72-BE49-003290AA43C8" 

2018-12-11 16:38:36 DEBUG default  图片合成模块 [pipe - model] IMAGE-DESCRIPT-V	 fit Dom: "69" 

2018-12-11 16:38:36 DEBUG default  图片合成模块 [pipe - model] IMAGE	 fit Dom: "9A7C7568-BE9B-48B0-BF03-A3C695122AA1" 

2018-12-11 16:38:36 DEBUG default  图片合成模块 [pipe - model] TEXT	 fit Dom: "2E7F12B0-87F9-4C0C-950E-D29A13CD53EE" 

2018-12-11 16:38:36 DEBUG default  图片合成模块 [pipe - model] IMAGE-DESCRIPT-V	 fit Dom: "68" 

2018-12-11 16:38:36 DEBUG default  图片合成模块 [pipe - model] IMAGE	 fit Dom: "098D4A08-EE81-407A-9CFF-900CD1755E31" 

2018-12-11 16:38:36 DEBUG default  图片合成模块 [pipe - model] TEXT	 fit Dom: "FB7FC64C-BE9A-4597-81F1-AEAB57A19E3C" 

2018-12-11 16:38:36 DEBUG default  图片合成模块 [pipe - model] IMAGE-DESCRIPT-V	 fit Dom: "67" 

2018-12-11 16:38:36 DEBUG default  图片合成模块 [pipe - model] LAYOUT-IMAGE	 fit Dom: "26" 

2018-12-11 16:38:36 DEBUG default  图片合成模块 [pipe - model] IMAGE	 fit Dom: "626BED49-0BD6-4F05-9B48-5D4626102A65" 

2018-12-11 16:38:36 DEBUG default  图片合成模块 [pipe - model] IMAGE	 fit Dom: "EABC7BC0-08BF-411B-9C6D-EC28A3562AE7" 

2018-12-11 16:38:36 DEBUG default  图片合成模块 [pipe - model] IMAGE	 fit Dom: "99DC54D5-7C55-41C2-A36A-ADDB40A08563" 

2018-12-11 16:38:36 DEBUG default  图片合成模块 [pipe - model] IMAGE	 fit Dom: "_835C_C698" 

2018-12-11 16:38:36 DEBUG default  图片合成模块 [pipe - model] IMAGE	 fit Dom: "6C1446C0-44A9-4652-97F9-C3EF988A877F" 

2018-12-11 16:38:36 DEBUG default  图片合成模块 [pipe - model] LAYOUT-IMAGE	 fit Dom: "43" 

2018-12-11 16:38:36 DEBUG default  图片合成模块 [pipe - model] SEGMENTING	 fit Dom: "49" 

2018-12-11 16:38:36 DEBUG default  图片合成模块 [pipe - model] TEXT	 fit Dom: "742E346C-743D-44DF-9F34-E85065DA0F1A" 

2018-12-11 16:38:36 DEBUG default  图片合成模块 [pipe - model] BLOCK	 fit Dom: "30" 

2018-12-11 16:38:36 DEBUG default  图片合成模块 [pipe - model] IMAGE	 fit Dom: "2F4E3AA5-6ED8-4F81-A733-E6B0CC23DB77" 

2018-12-11 16:38:36 DEBUG default  图片合成模块 [pipe - model] TEXT	 fit Dom: "9829C195-D891-431C-85B6-13E092205850" 

2018-12-11 16:38:36 DEBUG default  图片合成模块 [pipe - model] BLOCK	 fit Dom: "39" 

2018-12-11 16:38:36 DEBUG default  图片合成模块 [pipe - model] IMAGE	 fit Dom: "E047B974-0625-46A7-9898-23FD692471C8" 

2018-12-11 16:38:36 DEBUG default  图片合成模块 [pipe - model] TEXT	 fit Dom: "9E489655-4B45-4C07-9EFB-6560A4F3C395" 

2018-12-11 16:38:36 DEBUG default  图片合成模块 [pipe - model] IMAGE-DESCRIPT-V	 fit Dom: "71" 

2018-12-11 16:38:36 DEBUG default  图片合成模块 [pipe - model] IMAGE	 fit Dom: "299BED19-7805-4874-BD1D-CB73DA769450" 

2018-12-11 16:38:36 DEBUG default  图片合成模块 [pipe - model] TEXT	 fit Dom: "51686DA7-B71B-4893-8820-0B970FD78843" 

2018-12-11 16:38:36 DEBUG default  图片合成模块 [pipe - model] IMAGE-DESCRIPT-V	 fit Dom: "70" 

2018-12-11 16:38:36 DEBUG default  图片合成模块 [pipe - model] LAYOUT-IMAGE	 fit Dom: "27" 

2018-12-11 16:38:36 DEBUG default  图片合成模块 [pipe - model] IMAGE	 fit Dom: "EA7908FD-C428-4671-AFED-C2A2B5187386" 

2018-12-11 16:38:36 DEBUG default  图片合成模块 [pipe - model] IMAGE	 fit Dom: "251A6DC3-7148-42D8-A0AF-7917BAE1C703" 

2018-12-11 16:38:36 DEBUG default  图片合成模块 [pipe - model] IMAGE	 fit Dom: "_1481_F68F" 

2018-12-11 16:38:36 DEBUG default  图片合成模块 [pipe - model] LAYOUT-IMAGE	 fit Dom: "41" 

2018-12-11 16:38:36 DEBUG default  图片合成模块 [pipe - model] SEGMENTING	 fit Dom: "47" 

2018-12-11 16:38:36 DEBUG default  图片合成模块 [pipe - model] IMAGE	 fit Dom: "1D027E80-6308-46D6-BAC7-BB2975CF93C9" 

2018-12-11 16:38:36 DEBUG default  图片合成模块 [pipe - model] TEXT	 fit Dom: "8A679382-E2AB-4E06-B350-9E1CCD9F5E4A" 

2018-12-11 16:38:36 DEBUG default  图片合成模块 [pipe - model] IMAGE	 fit Dom: "08F696EC-3C10-4783-AB66-D6E5E2B3C696" 

2018-12-11 16:38:36 DEBUG default  图片合成模块 [pipe - model] COLUMN	 fit Dom: "74" 

2018-12-11 16:38:36 DEBUG default  图片合成模块 [pipe - model] BLOCK	 fit Dom: "33" 

2018-12-11 16:38:36 DEBUG default  图片合成模块 [pipe - model] IMAGE	 fit Dom: "C199632F-E9EC-4EE7-91DB-2BB1492BCDC5" 

2018-12-11 16:38:36 DEBUG default  图片合成模块 [pipe - model] TEXT	 fit Dom: "150C35EF-ED09-424F-9593-1A09FC37FBD1" 

2018-12-11 16:38:36 DEBUG default  图片合成模块 [pipe - model] TEXT	 fit Dom: "D01C7E70-514F-4D7F-832A-2FDA5E094520" 

2018-12-11 16:38:36 DEBUG default  图片合成模块 [pipe - model] IMAGE	 fit Dom: "6E439B69-840B-4AF7-B32E-18514519EAFB" 

2018-12-11 16:38:36 DEBUG default  图片合成模块 [pipe - model] TEXT	 fit Dom: "3E834E55-40FD-4985-A98F-E5953263B31B" 

2018-12-11 16:38:36 DEBUG default  图片合成模块 [pipe - model] LAYOUT-INLINE	 fit Dom: "87" 

2018-12-11 16:38:36 DEBUG default  图片合成模块 [pipe - model] LAYOUT-TEXT	 fit Dom: "80" 

2018-12-11 16:38:36 DEBUG default  图片合成模块 [pipe - model] BLOCK	 fit Dom: "38" 

2018-12-11 16:38:36 DEBUG default  图片合成模块 [pipe - model] IMAGE	 fit Dom: "35CC2511-7678-466F-9A55-3E224E91CAA9" 

2018-12-11 16:38:36 DEBUG default  图片合成模块 [pipe - model] TEXT	 fit Dom: "512C7AAB-2B85-474F-939B-D2D56EA790FC" 

2018-12-11 16:38:36 DEBUG default  图片合成模块 [pipe - model] IMAGE-DESCRIPT-V	 fit Dom: "66" 

2018-12-11 16:38:36 DEBUG default  图片合成模块 [pipe - model] IMAGE	 fit Dom: "8244D0A7-73BC-4FDE-8772-6002BF4C9F01" 

2018-12-11 16:38:36 DEBUG default  图片合成模块 [pipe - model] TEXT	 fit Dom: "62C8E51E-92E4-40B5-9ADB-CEC14DC8220A" 

2018-12-11 16:38:36 DEBUG default  图片合成模块 [pipe - model] IMAGE-DESCRIPT-V	 fit Dom: "65" 

2018-12-11 16:38:36 DEBUG default  图片合成模块 [pipe - model] IMAGE	 fit Dom: "06697A8C-460B-40E5-AA26-3084C57A01FD" 

2018-12-11 16:38:36 DEBUG default  图片合成模块 [pipe - model] TEXT	 fit Dom: "B22F3F74-7855-44B3-AF81-CE5C65A96A6F" 

2018-12-11 16:38:36 DEBUG default  图片合成模块 [pipe - model] IMAGE-DESCRIPT-V	 fit Dom: "64" 

2018-12-11 16:38:36 DEBUG default  图片合成模块 [pipe - model] IMAGE	 fit Dom: "1DBEA9FE-2900-4987-ACCD-E662BCE91F9A" 

2018-12-11 16:38:36 DEBUG default  图片合成模块 [pipe - model] TEXT	 fit Dom: "5644E2FE-2623-4D29-8112-2531A21071BD" 

2018-12-11 16:38:36 DEBUG default  图片合成模块 [pipe - model] IMAGE-DESCRIPT-V	 fit Dom: "63" 

2018-12-11 16:38:36 DEBUG default  图片合成模块 [pipe - model] LAYOUT-INLINE	 fit Dom: "25" 

2018-12-11 16:38:36 DEBUG default  图片合成模块 [pipe - model] IMAGE	 fit Dom: "E6352A06-003E-4B9B-A0D8-CD3099485A86" 

2018-12-11 16:38:36 DEBUG default  图片合成模块 [pipe - model] IMAGE	 fit Dom: "8FB10D63-296F-4BDC-BAF5-2C7C6F6A17A6" 

2018-12-11 16:38:36 DEBUG default  图片合成模块 [pipe - model] IMAGE	 fit Dom: "_09F1_D555" 

2018-12-11 16:38:36 DEBUG default  图片合成模块 [pipe - model] LAYOUT-IMAGE	 fit Dom: "42" 

2018-12-11 16:38:36 DEBUG default  图片合成模块 [pipe - model] SEGMENTING	 fit Dom: "48" 

2018-12-11 16:38:36 DEBUG default  图片合成模块 [pipe - model] PARAGRAPH	 fit Dom: "1292E8A9-B649-4497-8A78-179B79B2F9C5" 

2018-12-11 16:38:36 DEBUG default  图片合成模块 [pipe - model] BLOCK	 fit Dom: "28" 

2018-12-11 16:38:36 DEBUG default  图片合成模块 [pipe - model] TEXT	 fit Dom: "4EE45D59-EBB1-488F-801E-A8E98D7AAB0F" 

2018-12-11 16:38:36 DEBUG default  图片合成模块 [pipe - model] TEXT	 fit Dom: "05CAA722-8E85-4346-A561-B83445723356" 

2018-12-11 16:38:36 DEBUG default  图片合成模块 [pipe - model] TEXT	 fit Dom: "E3F27BFB-5C34-4C9D-AAAB-117A374A9662" 

2018-12-11 16:38:36 DEBUG default  图片合成模块 [pipe - model] TEXT	 fit Dom: "05C99B16-80C7-418D-AF6B-496671EDC7C3" 

2018-12-11 16:38:36 DEBUG default  图片合成模块 [pipe - model] TEXT	 fit Dom: "E459883E-5FC8-4299-B52D-811222BC60AB" 

2018-12-11 16:38:36 DEBUG default  图片合成模块 [pipe - model] TEXT	 fit Dom: "974D6884-DFE3-486A-8985-1E3CB1846579" 

2018-12-11 16:38:36 DEBUG default  图片合成模块 [pipe - model] TEXT	 fit Dom: "3A513BC5-24B8-4297-843E-9ED5CEE8C952" 

2018-12-11 16:38:36 DEBUG default  图片合成模块 [pipe - model] LAYOUT-TEXT	 fit Dom: "72" 

2018-12-11 16:38:36 DEBUG default  图片合成模块 [pipe - model] BLOCK	 fit Dom: "31" 

2018-12-11 16:38:36 DEBUG default  图片合成模块 [pipe - model] IMAGE	 fit Dom: "2651261E-C382-460C-899B-865D25458528" 

2018-12-11 16:38:36 DEBUG default  图片合成模块 [pipe - model] TEXT	 fit Dom: "F53ACCA6-A6C8-4B2C-90CF-9BD268D96FC4" 

2018-12-11 16:38:36 DEBUG default  图片合成模块 [pipe - model] TEXT	 fit Dom: "C80DAC7B-66E1-4545-AE80-4A70773046F8" 

2018-12-11 16:38:36 DEBUG default  图片合成模块 [pipe - model] IMAGE	 fit Dom: "850B3010-94DB-48B8-A440-EB4298ACF184" 

2018-12-11 16:38:36 DEBUG default  图片合成模块 [pipe - model] TEXT	 fit Dom: "BA181B5F-050D-4044-BD50-4FBB86BBFF07" 

2018-12-11 16:38:36 DEBUG default  图片合成模块 [pipe - model] LAYOUT-INLINE	 fit Dom: "85" 

2018-12-11 16:38:36 DEBUG default  图片合成模块 [pipe - model] LAYOUT-TEXT	 fit Dom: "78" 

2018-12-11 16:38:36 DEBUG default  图片合成模块 [pipe - model] BLOCK	 fit Dom: "36" 

2018-12-11 16:38:36 DEBUG default  图片合成模块 [pipe - model] IMAGE	 fit Dom: "94A16880-3DF3-4D2C-BE8C-F57DB83A803B" 

2018-12-11 16:38:36 DEBUG default  图片合成模块 [pipe - model] TEXT	 fit Dom: "102BFBBE-625A-4CAC-84A0-84C4D3037464" 

2018-12-11 16:38:36 DEBUG default  图片合成模块 [pipe - model] IMAGE-DESCRIPT-V	 fit Dom: "61" 

2018-12-11 16:38:36 DEBUG default  图片合成模块 [pipe - model] BLOCK	 fit Dom: "23" 

2018-12-11 16:38:36 DEBUG default  图片合成模块 [pipe - model] IMAGE	 fit Dom: "5EE5EF06-C634-4EEE-ABB1-22531F7EAF51" 

2018-12-11 16:38:36 DEBUG default  图片合成模块 [pipe - model] IMAGE	 fit Dom: "9A9DB2C3-87FE-4E89-8FCD-E032DF324EDC" 

2018-12-11 16:38:36 DEBUG default  图片合成模块 [pipe - model] IMAGE	 fit Dom: "_151C_9048" 

2018-12-11 16:38:36 DEBUG default  图片合成模块 [pipe - model] LAYOUT-IMAGE	 fit Dom: "46" 

2018-12-11 16:38:36 DEBUG default  图片合成模块 [pipe - model] SEGMENTING	 fit Dom: "52" 

2018-12-11 16:38:36 DEBUG default  图片合成模块 [pipe - model] TEXT	 fit Dom: "DCCB8D3A-133C-4BA4-831C-293ED8B52E47" 

2018-12-11 16:38:36 DEBUG default  图片合成模块 [pipe - model] LAYOUT-INLINE	 fit Dom: "55" 

2018-12-11 16:38:36 DEBUG default  图片合成模块 [pipe - model] IMAGE	 fit Dom: "A8C6D60B-3911-4D6F-AA1E-A7085039B3D9" 

2018-12-11 16:38:36 DEBUG default  图片合成模块 [pipe - model] LAYOUT-INLINE	 fit Dom: "56" 

2018-12-11 16:38:36 DEBUG default  图片合成模块 [pipe - model] IMAGE	 fit Dom: "D0BA275E-D14D-4EEF-9716-9F9F9F074D48" 

2018-12-11 16:38:36 DEBUG default  图片合成模块 [pipe - model] LAYOUT-IMAGE	 fit Dom: "76" 

2018-12-11 16:38:36 DEBUG default  图片合成模块 [pipe - model] TEXT	 fit Dom: "51BA30FE-D4E3-4A29-B177-540F2E556C1B" 

2018-12-11 16:38:36 DEBUG default  图片合成模块 [pipe - model] TEXT	 fit Dom: "09F84ED1-8076-4323-98A8-5079E875B0A7" 

2018-12-11 16:38:36 DEBUG default  图片合成模块 [pipe - model] IMAGE	 fit Dom: "4694734B-4DF6-46D3-BD9C-B927468FCD29" 

2018-12-11 16:38:36 DEBUG default  图片合成模块 [pipe - model] TEXT	 fit Dom: "E022884A-5B7B-4482-874F-7193C8BCD64A" 

2018-12-11 16:38:36 DEBUG default  图片合成模块 [pipe - model] LAYOUT-INLINE	 fit Dom: "84" 

2018-12-11 16:38:36 DEBUG default  图片合成模块 [pipe - model] LAYOUT-TEXT	 fit Dom: "77" 

2018-12-11 16:38:36 DEBUG default  图片合成模块 [pipe - model] BLOCK	 fit Dom: "35" 

2018-12-11 16:38:36 DEBUG default  图片合成模块 [pipe - model] IMAGE	 fit Dom: "D3A8F5A1-36A1-445E-9610-6D47F96009F9" 

2018-12-11 16:38:36 DEBUG default  图片合成模块 [pipe - model] TEXT	 fit Dom: "451D576D-FEA9-40AB-AC6A-78CC81E7D67E" 

2018-12-11 16:38:36 DEBUG default  图片合成模块 [pipe - model] IMAGE-DESCRIPT-V	 fit Dom: "60" 

2018-12-11 16:38:36 DEBUG default  图片合成模块 [pipe - model] BLOCK	 fit Dom: "22" 

2018-12-11 16:38:36 DEBUG default  图片合成模块 [pipe - model] IMAGE	 fit Dom: "FFA8EA25-EEEA-4B07-A76E-1E72E268D87B" 

2018-12-11 16:38:36 DEBUG default  图片合成模块 [pipe - model] IMAGE	 fit Dom: "79C601BA-BFA5-42D2-A0D6-545D07A725D4" 

2018-12-11 16:38:36 DEBUG default  图片合成模块 [pipe - model] IMAGE	 fit Dom: "_ACAF_2C9A" 

2018-12-11 16:38:36 DEBUG default  图片合成模块 [pipe - model] LAYOUT-IMAGE	 fit Dom: "45" 

2018-12-11 16:38:36 DEBUG default  图片合成模块 [pipe - model] SEGMENTING	 fit Dom: "51" 

2018-12-11 16:38:36 DEBUG default  图片合成模块 [pipe - model] BODY	 fit Dom: "7EB9CDEF-B010-48C6-ABD9-79530E07939B" 

2018-12-11 16:38:36 DEBUG default  图片合成模块 [pipe - cyclic analyze] start

2018-12-11 16:38:36 DEBUG default  图片合成模块 [pipe - cyclic analyze] 26	 repeat items are:
[69],[68],[67]

2018-12-11 16:38:36 DEBUG default  图片合成模块 [pipe - cyclic analyze] 27	 repeat items are:
[71],[70]

2018-12-11 16:38:36 DEBUG default  图片合成模块 [pipe - cyclic analyze] 25	 repeat items are:
[66],[65],[64],[63]

2018-12-11 16:38:36 DEBUG default  图片合成模块 [pipe - cyclic analyze] 7EB9CDEF-B010-48C6-ABD9-79530E07939B	 repeat items are:
[37,24,44],[36,23,46]
[26,43],[27,41]

2018-12-11 16:38:36 DEBUG default  图片合成模块 [pipe - contrain] start

2018-12-11 16:38:36 DEBUG default 20181211163752_2单页.sketch 平台模块 [util.js-isFileExist]判断目录不存在

2018-12-11 16:38:36 DEBUG default 20181211163752_2单页.sketch 平台模块 [util.js-writeToFile]检测文件是否存在标识:false

2018-12-11 16:38:36 DEBUG default 20181211163752_2单页.sketch 平台模块 [util.js-writeToFile]创建目录成功

2018-12-11 16:38:36 DEBUG default 20181211163752_2单页.sketch 平台模块 [util.js-writeToFile]写入文件成功

2018-12-11 16:38:36 DEBUG default 20181211163752_2单页.sketch 平台模块 [edit.js-jsonToHtmlCss]导出html成功

2018-12-11 16:38:36 DEBUG default 20181211163752_2单页.sketch 平台模块 [edit.js-getHtmlCss]结构骨架输出成功

2018-12-11 16:38:36 DEBUG default 20181211163752_2单页.sketch 平台模块 [util.js-isFileExist]判断目录不存在

2018-12-11 16:38:36 DEBUG default 20181211163752_2单页.sketch 平台模块 [util.js-writeToFile]检测文件是否存在标识:false

2018-12-11 16:38:36 DEBUG default 20181211163752_2单页.sketch 平台模块 [util.js-writeToFile]创建目录成功

2018-12-11 16:38:36 DEBUG default 20181211163752_2单页.sketch 平台模块 [util.js-writeToFile]写入文件成功

2018-12-11 16:38:36 DEBUG default 20181211163752_2单页.sketch 平台模块 [edit.js-jsonToHtmlCss]导出css成功

2018-12-11 16:38:36 DEBUG default 20181211163752_2单页.sketch 平台模块 [edit.js-getPageImgById]获取当前artboard图片素材请求

2018-12-11 16:38:36 DEBUG default 20181211163752_2单页.sketch 平台模块 [edit.js-combineImages]开始生成图片

2018-12-11 16:38:41 DEBUG default 20181211163752_2单页.sketch 平台模块 [edit.js-combineImages]生成目标图片，用时4.535秒

2018-12-11 16:38:41 DEBUG default 20181211163752_2单页.sketch 平台模块 [edit.js-getPageImgById]图片输出成功,图片数组个数:43

2018-12-11 16:39:36 DEBUG default 20181211163752_2单页.sketch 平台模块 [edit.js-getArtBoardImg]获取当前artboard预览图片请求

2018-12-11 16:42:46 DEBUG default 20181211163752_2单页.sketch 平台模块 [edit.js-getPageById]获取当前artboard骨架请求

2018-12-11 16:42:46 DEBUG default 20181211163752_2单页.sketch 平台模块 [edit.js-getHtmlCss]获取到的artBoard index:1_1

2018-12-11 16:42:48 DEBUG default 20181211163752_2单页.sketch 平台模块 [edit.js-getPageById]获取当前artboard骨架请求

2018-12-11 16:42:48 DEBUG default 20181211163752_2单页.sketch 平台模块 [edit.js-getHtmlCss]获取到的artBoard index:2_1

2018-12-11 16:42:49 DEBUG default 20181211163752_2单页.sketch 平台模块 [edit.js-getArtBoardImg]获取当前artboard预览图片请求

2018-12-11 16:44:08 DEBUG default 20181211163752_2单页.sketch 平台模块 [edit.js-getPageById]获取当前artboard骨架请求

2018-12-11 16:44:08 DEBUG default 20181211163752_2单页.sketch 平台模块 [edit.js-getHtmlCss]获取到的artBoard index:1_1

2018-12-11 16:45:59 DEBUG default 20181211163752_2单页.sketch 平台模块 [edit.js-getPageById]获取当前artboard骨架请求

2018-12-11 16:45:59 DEBUG default 20181211163752_2单页.sketch 平台模块 [edit.js-getHtmlCss]获取到的artBoard index:1_1

2018-12-11 16:46:01 DEBUG default 20181211163752_2单页.sketch 平台模块 [edit.js-getArtBoardImg]获取当前artboard预览图片请求

2018-12-11 16:46:07 DEBUG default 20181211163752_2单页.sketch 平台模块 [edit.js-getPageById]获取当前artboard骨架请求

2018-12-11 16:46:07 DEBUG default 20181211163752_2单页.sketch 平台模块 [edit.js-getHtmlCss]获取到的artBoard index:2_1

2018-12-11 16:46:14 DEBUG default 20181211163752_2单页.sketch 平台模块 [edit.js-getArtBoardImg]获取当前artboard预览图片请求

2018-12-11 16:46:20 DEBUG default 20181211163752_2单页.sketch 平台模块 [edit.js-getArtBoardImg]获取当前artboard预览图片请求

2018-12-11 16:46:26 DEBUG default 20181211163752_2单页.sketch 平台模块 [edit.js-getArtBoardImg]获取当前artboard预览图片请求

2018-12-11 16:46:38 DEBUG default 20181211163752_2单页.sketch 平台模块 [edit.js-getPageById]获取当前artboard骨架请求

2018-12-11 16:46:38 DEBUG default 20181211163752_2单页.sketch 平台模块 [edit.js-getHtmlCss]获取到的artBoard index:1_1

2018-12-11 16:48:32 DEBUG default 20181211163752_2单页.sketch 平台模块 [edit.js-getPageById]获取当前artboard骨架请求

2018-12-11 16:48:32 DEBUG default 20181211163752_2单页.sketch 平台模块 [edit.js-getHtmlCss]获取到的artBoard index:1_1

2018-12-11 16:48:33 DEBUG default 20181211163752_2单页.sketch 平台模块 [edit.js-getPageById]获取当前artboard骨架请求

2018-12-11 16:48:33 DEBUG default 20181211163752_2单页.sketch 平台模块 [edit.js-getHtmlCss]获取到的artBoard index:1_1

2018-12-11 16:48:36 DEBUG default 20181211163752_2单页.sketch 平台模块 [edit.js-getArtBoardImg]获取当前artboard预览图片请求

2018-12-11 16:48:42 DEBUG default 20181211163752_2单页.sketch 平台模块 [edit.js-getPageById]获取当前artboard骨架请求

2018-12-11 16:48:42 DEBUG default 20181211163752_2单页.sketch 平台模块 [edit.js-getHtmlCss]获取到的artBoard index:2_1

2018-12-11 16:48:45 DEBUG default 20181211163752_2单页.sketch 平台模块 [edit.js-getArtBoardImg]获取当前artboard预览图片请求

2018-12-11 16:48:47 DEBUG default 20181211163752_2单页.sketch 平台模块 [edit.js-getPageById]获取当前artboard骨架请求

2018-12-11 16:48:47 DEBUG default 20181211163752_2单页.sketch 平台模块 [edit.js-getHtmlCss]获取到的artBoard index:1_1

2018-12-11 16:49:12 DEBUG default 20181211163752_2单页.sketch 平台模块 [edit.js-getPageById]获取当前artboard骨架请求

2018-12-11 16:49:12 DEBUG default 20181211163752_2单页.sketch 平台模块 [edit.js-getHtmlCss]获取到的artBoard index:1_1

2018-12-11 17:25:42 DEBUG default 20181211151654_0list.sketch 平台模块 [edit.js-getPageById]获取当前artboard骨架请求

2018-12-11 17:25:42 DEBUG default 20181211151654_0list.sketch 平台模块 [edit.js-getHtmlCss]获取到的artBoard index:1_1

2018-12-11 17:25:50 DEBUG default 20181211151654_0list.sketch 平台模块 [edit.js-getArtBoardImg]获取当前artboard预览图片请求

